[error] Failed to fetch Firebase Project from Studio Workspace because WORKSPACE_SLUG environment variable is empty
[error] Failed to fetch Firebase Project from Studio Workspace because WORKSPACE_SLUG environment variable is empty
[error] Failed to fetch Firebase Project from Studio Workspace because WORKSPACE_SLUG environment variable is empty
[error] Failed to fetch Firebase Project from Studio Workspace because WORKSPACE_SLUG environment variable is empty
[debug] [2026-02-06T08:34:10.409Z] > command requires scopes: ["email","openid","https://www.googleapis.com/auth/cloudplatformprojects.readonly","https://www.googleapis.com/auth/firebase","https://www.googleapis.com/auth/cloud-platform","https://www.googleapis.com/auth/userinfo.email"]
[debug] [2026-02-06T08:34:10.410Z] > authorizing via signed-in user (sungjun431@gmail.com)
[debug] [2026-02-06T08:34:10.412Z] No OAuth tokens found
[debug] [2026-02-06T08:34:10.413Z] No OAuth tokens found
[debug] [2026-02-06T08:34:10.414Z] > command requires scopes: ["email","openid","https://www.googleapis.com/auth/cloudplatformprojects.readonly","https://www.googleapis.com/auth/firebase","https://www.googleapis.com/auth/cloud-platform","https://www.googleapis.com/auth/userinfo.email"]
[debug] [2026-02-06T08:34:10.415Z] > authorizing via signed-in user (sungjun431@gmail.com)
[debug] [2026-02-06T08:34:10.415Z] > command requires scopes: ["email","openid","https://www.googleapis.com/auth/cloudplatformprojects.readonly","https://www.googleapis.com/auth/firebase","https://www.googleapis.com/auth/cloud-platform","https://www.googleapis.com/auth/userinfo.email"]
[debug] [2026-02-06T08:34:10.415Z] > authorizing via signed-in user (sungjun431@gmail.com)
[debug] [2026-02-06T08:34:10.416Z] No OAuth tokens found
[debug] [2026-02-06T08:34:10.416Z] No OAuth tokens found
[debug] [2026-02-06T08:34:10.417Z] > command requires scopes: ["email","openid","https://www.googleapis.com/auth/cloudplatformprojects.readonly","https://www.googleapis.com/auth/firebase","https://www.googleapis.com/auth/cloud-platform","https://www.googleapis.com/auth/userinfo.email"]
[debug] [2026-02-06T08:34:10.417Z] > authorizing via signed-in user (sungjun431@gmail.com)
[debug] [2026-02-06T08:34:10.419Z] >>> [apiv2][query] GET https://cloudbilling.googleapis.com/v1/projects/sungjun431-20240516-1/billingInfo [none]
[debug] [2026-02-06T08:34:10.490Z] >>> [apiv2][query] GET https://cloudbilling.googleapis.com/v1/projects/sungjun431-20240516-1/billingInfo [none]
[debug] [2026-02-06T08:34:11.568Z] <<< [apiv2][status] GET https://cloudbilling.googleapis.com/v1/projects/sungjun431-20240516-1/billingInfo 200
[debug] [2026-02-06T08:34:11.570Z] <<< [apiv2][body] GET https://cloudbilling.googleapis.com/v1/projects/sungjun431-20240516-1/billingInfo {"name":"projects/sungjun431-20240516-1/billingInfo","projectId":"sungjun431-20240516-1","billingAccountName":"","billingEnabled":false}
[debug] [2026-02-06T08:34:11.591Z] No OAuth tokens found
[debug] [2026-02-06T08:34:11.591Z] No OAuth tokens found
[debug] [2026-02-06T08:34:11.599Z] > command requires scopes: ["email","openid","https://www.googleapis.com/auth/cloudplatformprojects.readonly","https://www.googleapis.com/auth/firebase","https://www.googleapis.com/auth/cloud-platform","https://www.googleapis.com/auth/userinfo.email"]
[debug] [2026-02-06T08:34:11.599Z] > authorizing via signed-in user (sungjun431@gmail.com)
[debug] [2026-02-06T08:34:11.600Z] No OAuth tokens found
[debug] [2026-02-06T08:34:11.604Z] No OAuth tokens found
[debug] [2026-02-06T08:34:11.604Z] > command requires scopes: ["email","openid","https://www.googleapis.com/auth/cloudplatformprojects.readonly","https://www.googleapis.com/auth/firebase","https://www.googleapis.com/auth/cloud-platform","https://www.googleapis.com/auth/userinfo.email"]
[debug] [2026-02-06T08:34:11.604Z] > authorizing via signed-in user (sungjun431@gmail.com)
[debug] [2026-02-06T08:34:11.605Z] No OAuth tokens found
[debug] [2026-02-06T08:34:11.605Z] No OAuth tokens found
[debug] [2026-02-06T08:34:11.606Z] > command requires scopes: ["email","openid","https://www.googleapis.com/auth/cloudplatformprojects.readonly","https://www.googleapis.com/auth/firebase","https://www.googleapis.com/auth/cloud-platform","https://www.googleapis.com/auth/userinfo.email"]
[debug] [2026-02-06T08:34:11.607Z] > authorizing via signed-in user (sungjun431@gmail.com)
[debug] [2026-02-06T08:34:11.607Z] No OAuth tokens found
[debug] [2026-02-06T08:34:11.608Z] No OAuth tokens found
[debug] [2026-02-06T08:34:11.608Z] > command requires scopes: ["email","openid","https://www.googleapis.com/auth/cloudplatformprojects.readonly","https://www.googleapis.com/auth/firebase","https://www.googleapis.com/auth/cloud-platform","https://www.googleapis.com/auth/userinfo.email"]
[debug] [2026-02-06T08:34:11.608Z] > authorizing via signed-in user (sungjun431@gmail.com)
[debug] [2026-02-06T08:34:11.610Z] No OAuth tokens found
[debug] [2026-02-06T08:34:11.610Z] No OAuth tokens found
[debug] [2026-02-06T08:34:11.611Z] > command requires scopes: ["email","openid","https://www.googleapis.com/auth/cloudplatformprojects.readonly","https://www.googleapis.com/auth/firebase","https://www.googleapis.com/auth/cloud-platform","https://www.googleapis.com/auth/userinfo.email"]
[debug] [2026-02-06T08:34:11.611Z] > authorizing via signed-in user (sungjun431@gmail.com)
[debug] [2026-02-06T08:34:11.611Z] No OAuth tokens found
[debug] [2026-02-06T08:34:11.612Z] No OAuth tokens found
[debug] [2026-02-06T08:34:11.612Z] > command requires scopes: ["email","openid","https://www.googleapis.com/auth/cloudplatformprojects.readonly","https://www.googleapis.com/auth/firebase","https://www.googleapis.com/auth/cloud-platform","https://www.googleapis.com/auth/userinfo.email"]
[debug] [2026-02-06T08:34:11.612Z] > authorizing via signed-in user (sungjun431@gmail.com)
[debug] [2026-02-06T08:34:11.612Z] No OAuth tokens found
[debug] [2026-02-06T08:34:11.613Z] No OAuth tokens found
[debug] [2026-02-06T08:34:11.613Z] > command requires scopes: ["email","openid","https://www.googleapis.com/auth/cloudplatformprojects.readonly","https://www.googleapis.com/auth/firebase","https://www.googleapis.com/auth/cloud-platform","https://www.googleapis.com/auth/userinfo.email"]
[debug] [2026-02-06T08:34:11.613Z] > authorizing via signed-in user (sungjun431@gmail.com)
[debug] [2026-02-06T08:34:11.658Z] No OAuth tokens found
[debug] [2026-02-06T08:34:11.658Z] No OAuth tokens found
[debug] [2026-02-06T08:34:11.658Z] > command requires scopes: ["email","openid","https://www.googleapis.com/auth/cloudplatformprojects.readonly","https://www.googleapis.com/auth/firebase","https://www.googleapis.com/auth/cloud-platform","https://www.googleapis.com/auth/userinfo.email"]
[debug] [2026-02-06T08:34:11.658Z] > authorizing via signed-in user (sungjun431@gmail.com)
[debug] [2026-02-06T08:34:11.659Z] No OAuth tokens found
[debug] [2026-02-06T08:34:11.659Z] No OAuth tokens found
[debug] [2026-02-06T08:34:11.659Z] > command requires scopes: ["email","openid","https://www.googleapis.com/auth/cloudplatformprojects.readonly","https://www.googleapis.com/auth/firebase","https://www.googleapis.com/auth/cloud-platform","https://www.googleapis.com/auth/userinfo.email"]
[debug] [2026-02-06T08:34:11.659Z] > authorizing via signed-in user (sungjun431@gmail.com)
[debug] [2026-02-06T08:34:11.659Z] >>> [apiv2][query] GET https://serviceusage.googleapis.com/v1/projects/sungjun431-20240516-1/services/firestore.googleapis.com [none]
[debug] [2026-02-06T08:34:11.659Z] >>> [apiv2][(partial)header] GET https://serviceusage.googleapis.com/v1/projects/sungjun431-20240516-1/services/firestore.googleapis.com  x-goog-user-project=sungjun431-20240516-1
[debug] [2026-02-06T08:34:11.661Z] >>> [apiv2][query] GET https://serviceusage.googleapis.com/v1/projects/sungjun431-20240516-1/services/storage.googleapis.com [none]
[debug] [2026-02-06T08:34:11.661Z] >>> [apiv2][(partial)header] GET https://serviceusage.googleapis.com/v1/projects/sungjun431-20240516-1/services/storage.googleapis.com  x-goog-user-project=sungjun431-20240516-1
[debug] [2026-02-06T08:34:11.664Z] >>> [apiv2][query] GET https://serviceusage.googleapis.com/v1/projects/sungjun431-20240516-1/services/firebasedataconnect.googleapis.com [none]
[debug] [2026-02-06T08:34:11.668Z] >>> [apiv2][(partial)header] GET https://serviceusage.googleapis.com/v1/projects/sungjun431-20240516-1/services/firebasedataconnect.googleapis.com  x-goog-user-project=sungjun431-20240516-1
[debug] [2026-02-06T08:34:11.670Z] >>> [apiv2][query] GET https://serviceusage.googleapis.com/v1/projects/sungjun431-20240516-1/services/identitytoolkit.googleapis.com [none]
[debug] [2026-02-06T08:34:11.670Z] >>> [apiv2][(partial)header] GET https://serviceusage.googleapis.com/v1/projects/sungjun431-20240516-1/services/identitytoolkit.googleapis.com  x-goog-user-project=sungjun431-20240516-1
[debug] [2026-02-06T08:34:11.672Z] >>> [apiv2][query] GET https://serviceusage.googleapis.com/v1/projects/sungjun431-20240516-1/services/fcm.googleapis.com [none]
[debug] [2026-02-06T08:34:11.672Z] >>> [apiv2][(partial)header] GET https://serviceusage.googleapis.com/v1/projects/sungjun431-20240516-1/services/fcm.googleapis.com  x-goog-user-project=sungjun431-20240516-1
[debug] [2026-02-06T08:34:11.676Z] >>> [apiv2][query] GET https://serviceusage.googleapis.com/v1/projects/sungjun431-20240516-1/services/cloudfunctions.googleapis.com [none]
[debug] [2026-02-06T08:34:11.676Z] >>> [apiv2][(partial)header] GET https://serviceusage.googleapis.com/v1/projects/sungjun431-20240516-1/services/cloudfunctions.googleapis.com  x-goog-user-project=sungjun431-20240516-1
[debug] [2026-02-06T08:34:11.677Z] >>> [apiv2][query] GET https://serviceusage.googleapis.com/v1/projects/sungjun431-20240516-1/services/firebaseremoteconfig.googleapis.com [none]
[debug] [2026-02-06T08:34:11.677Z] >>> [apiv2][(partial)header] GET https://serviceusage.googleapis.com/v1/projects/sungjun431-20240516-1/services/firebaseremoteconfig.googleapis.com  x-goog-user-project=sungjun431-20240516-1
[debug] [2026-02-06T08:34:11.680Z] >>> [apiv2][query] GET https://serviceusage.googleapis.com/v1/projects/sungjun431-20240516-1/services/firebaseapphosting.googleapis.com [none]
[debug] [2026-02-06T08:34:11.680Z] >>> [apiv2][(partial)header] GET https://serviceusage.googleapis.com/v1/projects/sungjun431-20240516-1/services/firebaseapphosting.googleapis.com  x-goog-user-project=sungjun431-20240516-1
[debug] [2026-02-06T08:34:11.682Z] >>> [apiv2][query] GET https://serviceusage.googleapis.com/v1/projects/sungjun431-20240516-1/services/firebaseio.com [none]
[debug] [2026-02-06T08:34:11.682Z] >>> [apiv2][(partial)header] GET https://serviceusage.googleapis.com/v1/projects/sungjun431-20240516-1/services/firebaseio.com  x-goog-user-project=sungjun431-20240516-1
[debug] [2026-02-06T08:34:11.757Z] <<< [apiv2][status] GET https://cloudbilling.googleapis.com/v1/projects/sungjun431-20240516-1/billingInfo 200
[debug] [2026-02-06T08:34:11.759Z] <<< [apiv2][body] GET https://cloudbilling.googleapis.com/v1/projects/sungjun431-20240516-1/billingInfo {"name":"projects/sungjun431-20240516-1/billingInfo","projectId":"sungjun431-20240516-1","billingAccountName":"","billingEnabled":false}
[debug] [2026-02-06T08:34:11.761Z] No OAuth tokens found
[debug] [2026-02-06T08:34:11.761Z] No OAuth tokens found
[debug] [2026-02-06T08:34:11.761Z] > command requires scopes: ["email","openid","https://www.googleapis.com/auth/cloudplatformprojects.readonly","https://www.googleapis.com/auth/firebase","https://www.googleapis.com/auth/cloud-platform","https://www.googleapis.com/auth/userinfo.email"]
[debug] [2026-02-06T08:34:11.761Z] > authorizing via signed-in user (sungjun431@gmail.com)
[debug] [2026-02-06T08:34:11.766Z] No OAuth tokens found
[debug] [2026-02-06T08:34:11.766Z] No OAuth tokens found
[debug] [2026-02-06T08:34:11.766Z] > command requires scopes: ["email","openid","https://www.googleapis.com/auth/cloudplatformprojects.readonly","https://www.googleapis.com/auth/firebase","https://www.googleapis.com/auth/cloud-platform","https://www.googleapis.com/auth/userinfo.email"]
[debug] [2026-02-06T08:34:11.766Z] > authorizing via signed-in user (sungjun431@gmail.com)
[debug] [2026-02-06T08:34:11.772Z] No OAuth tokens found
[debug] [2026-02-06T08:34:11.772Z] No OAuth tokens found
[debug] [2026-02-06T08:34:11.772Z] > command requires scopes: ["email","openid","https://www.googleapis.com/auth/cloudplatformprojects.readonly","https://www.googleapis.com/auth/firebase","https://www.googleapis.com/auth/cloud-platform","https://www.googleapis.com/auth/userinfo.email"]
[debug] [2026-02-06T08:34:11.772Z] > authorizing via signed-in user (sungjun431@gmail.com)
[debug] [2026-02-06T08:34:11.773Z] No OAuth tokens found
[debug] [2026-02-06T08:34:11.773Z] No OAuth tokens found
[debug] [2026-02-06T08:34:11.773Z] > command requires scopes: ["email","openid","https://www.googleapis.com/auth/cloudplatformprojects.readonly","https://www.googleapis.com/auth/firebase","https://www.googleapis.com/auth/cloud-platform","https://www.googleapis.com/auth/userinfo.email"]
[debug] [2026-02-06T08:34:11.773Z] > authorizing via signed-in user (sungjun431@gmail.com)
[debug] [2026-02-06T08:34:11.776Z] No OAuth tokens found
[debug] [2026-02-06T08:34:11.776Z] No OAuth tokens found
[debug] [2026-02-06T08:34:11.776Z] > command requires scopes: ["email","openid","https://www.googleapis.com/auth/cloudplatformprojects.readonly","https://www.googleapis.com/auth/firebase","https://www.googleapis.com/auth/cloud-platform","https://www.googleapis.com/auth/userinfo.email"]
[debug] [2026-02-06T08:34:11.776Z] > authorizing via signed-in user (sungjun431@gmail.com)
[debug] [2026-02-06T08:34:11.779Z] No OAuth tokens found
[debug] [2026-02-06T08:34:11.779Z] No OAuth tokens found
[debug] [2026-02-06T08:34:11.779Z] > command requires scopes: ["email","openid","https://www.googleapis.com/auth/cloudplatformprojects.readonly","https://www.googleapis.com/auth/firebase","https://www.googleapis.com/auth/cloud-platform","https://www.googleapis.com/auth/userinfo.email"]
[debug] [2026-02-06T08:34:11.779Z] > authorizing via signed-in user (sungjun431@gmail.com)
[debug] [2026-02-06T08:34:11.780Z] No OAuth tokens found
[debug] [2026-02-06T08:34:11.781Z] No OAuth tokens found
[debug] [2026-02-06T08:34:11.781Z] > command requires scopes: ["email","openid","https://www.googleapis.com/auth/cloudplatformprojects.readonly","https://www.googleapis.com/auth/firebase","https://www.googleapis.com/auth/cloud-platform","https://www.googleapis.com/auth/userinfo.email"]
[debug] [2026-02-06T08:34:11.781Z] > authorizing via signed-in user (sungjun431@gmail.com)
[debug] [2026-02-06T08:34:11.799Z] No OAuth tokens found
[debug] [2026-02-06T08:34:11.799Z] No OAuth tokens found
[debug] [2026-02-06T08:34:11.799Z] > command requires scopes: ["email","openid","https://www.googleapis.com/auth/cloudplatformprojects.readonly","https://www.googleapis.com/auth/firebase","https://www.googleapis.com/auth/cloud-platform","https://www.googleapis.com/auth/userinfo.email"]
[debug] [2026-02-06T08:34:11.799Z] > authorizing via signed-in user (sungjun431@gmail.com)
[debug] [2026-02-06T08:34:11.800Z] No OAuth tokens found
[debug] [2026-02-06T08:34:11.800Z] No OAuth tokens found
[debug] [2026-02-06T08:34:11.800Z] > command requires scopes: ["email","openid","https://www.googleapis.com/auth/cloudplatformprojects.readonly","https://www.googleapis.com/auth/firebase","https://www.googleapis.com/auth/cloud-platform","https://www.googleapis.com/auth/userinfo.email"]
[debug] [2026-02-06T08:34:11.800Z] > authorizing via signed-in user (sungjun431@gmail.com)
[debug] [2026-02-06T08:34:11.810Z] >>> [apiv2][query] GET https://serviceusage.googleapis.com/v1/projects/sungjun431-20240516-1/services/firestore.googleapis.com [none]
[debug] [2026-02-06T08:34:11.814Z] >>> [apiv2][(partial)header] GET https://serviceusage.googleapis.com/v1/projects/sungjun431-20240516-1/services/firestore.googleapis.com  x-goog-user-project=sungjun431-20240516-1
[debug] [2026-02-06T08:34:11.825Z] >>> [apiv2][query] GET https://serviceusage.googleapis.com/v1/projects/sungjun431-20240516-1/services/storage.googleapis.com [none]
[debug] [2026-02-06T08:34:11.825Z] >>> [apiv2][(partial)header] GET https://serviceusage.googleapis.com/v1/projects/sungjun431-20240516-1/services/storage.googleapis.com  x-goog-user-project=sungjun431-20240516-1
[debug] [2026-02-06T08:34:11.836Z] >>> [apiv2][query] GET https://serviceusage.googleapis.com/v1/projects/sungjun431-20240516-1/services/firebasedataconnect.googleapis.com [none]
[debug] [2026-02-06T08:34:11.839Z] >>> [apiv2][(partial)header] GET https://serviceusage.googleapis.com/v1/projects/sungjun431-20240516-1/services/firebasedataconnect.googleapis.com  x-goog-user-project=sungjun431-20240516-1
[debug] [2026-02-06T08:34:11.843Z] >>> [apiv2][query] GET https://serviceusage.googleapis.com/v1/projects/sungjun431-20240516-1/services/identitytoolkit.googleapis.com [none]
[debug] [2026-02-06T08:34:11.844Z] >>> [apiv2][(partial)header] GET https://serviceusage.googleapis.com/v1/projects/sungjun431-20240516-1/services/identitytoolkit.googleapis.com  x-goog-user-project=sungjun431-20240516-1
[debug] [2026-02-06T08:34:11.848Z] >>> [apiv2][query] GET https://serviceusage.googleapis.com/v1/projects/sungjun431-20240516-1/services/fcm.googleapis.com [none]
[debug] [2026-02-06T08:34:11.848Z] >>> [apiv2][(partial)header] GET https://serviceusage.googleapis.com/v1/projects/sungjun431-20240516-1/services/fcm.googleapis.com  x-goog-user-project=sungjun431-20240516-1
[debug] [2026-02-06T08:34:11.851Z] >>> [apiv2][query] GET https://serviceusage.googleapis.com/v1/projects/sungjun431-20240516-1/services/cloudfunctions.googleapis.com [none]
[debug] [2026-02-06T08:34:11.851Z] >>> [apiv2][(partial)header] GET https://serviceusage.googleapis.com/v1/projects/sungjun431-20240516-1/services/cloudfunctions.googleapis.com  x-goog-user-project=sungjun431-20240516-1
[debug] [2026-02-06T08:34:11.856Z] >>> [apiv2][query] GET https://serviceusage.googleapis.com/v1/projects/sungjun431-20240516-1/services/firebaseremoteconfig.googleapis.com [none]
[debug] [2026-02-06T08:34:11.856Z] >>> [apiv2][(partial)header] GET https://serviceusage.googleapis.com/v1/projects/sungjun431-20240516-1/services/firebaseremoteconfig.googleapis.com  x-goog-user-project=sungjun431-20240516-1
[debug] [2026-02-06T08:34:11.862Z] >>> [apiv2][query] GET https://serviceusage.googleapis.com/v1/projects/sungjun431-20240516-1/services/firebaseapphosting.googleapis.com [none]
[debug] [2026-02-06T08:34:11.862Z] >>> [apiv2][(partial)header] GET https://serviceusage.googleapis.com/v1/projects/sungjun431-20240516-1/services/firebaseapphosting.googleapis.com  x-goog-user-project=sungjun431-20240516-1
[debug] [2026-02-06T08:34:11.868Z] >>> [apiv2][query] GET https://serviceusage.googleapis.com/v1/projects/sungjun431-20240516-1/services/firebaseio.com [none]
[debug] [2026-02-06T08:34:11.868Z] >>> [apiv2][(partial)header] GET https://serviceusage.googleapis.com/v1/projects/sungjun431-20240516-1/services/firebaseio.com  x-goog-user-project=sungjun431-20240516-1
[debug] [2026-02-06T08:34:12.689Z] <<< [apiv2][status] GET https://serviceusage.googleapis.com/v1/projects/sungjun431-20240516-1/services/firebaseio.com 403
[debug] [2026-02-06T08:34:12.690Z] <<< [apiv2][body] GET https://serviceusage.googleapis.com/v1/projects/sungjun431-20240516-1/services/firebaseio.com [omitted]
[debug] [2026-02-06T08:34:12.712Z] <<< [apiv2][status] GET https://serviceusage.googleapis.com/v1/projects/sungjun431-20240516-1/services/storage.googleapis.com 200
[debug] [2026-02-06T08:34:12.713Z] <<< [apiv2][body] GET https://serviceusage.googleapis.com/v1/projects/sungjun431-20240516-1/services/storage.googleapis.com [omitted]
[debug] [2026-02-06T08:34:12.733Z] <<< [apiv2][status] GET https://serviceusage.googleapis.com/v1/projects/sungjun431-20240516-1/services/fcm.googleapis.com 200
[debug] [2026-02-06T08:34:12.734Z] <<< [apiv2][body] GET https://serviceusage.googleapis.com/v1/projects/sungjun431-20240516-1/services/fcm.googleapis.com [omitted]
[debug] [2026-02-06T08:34:12.760Z] <<< [apiv2][status] GET https://serviceusage.googleapis.com/v1/projects/sungjun431-20240516-1/services/firebasedataconnect.googleapis.com 200
[debug] [2026-02-06T08:34:12.762Z] <<< [apiv2][body] GET https://serviceusage.googleapis.com/v1/projects/sungjun431-20240516-1/services/firebasedataconnect.googleapis.com [omitted]
[debug] [2026-02-06T08:34:12.768Z] <<< [apiv2][status] GET https://serviceusage.googleapis.com/v1/projects/sungjun431-20240516-1/services/firebaseremoteconfig.googleapis.com 200
[debug] [2026-02-06T08:34:12.768Z] <<< [apiv2][body] GET https://serviceusage.googleapis.com/v1/projects/sungjun431-20240516-1/services/firebaseremoteconfig.googleapis.com [omitted]
[debug] [2026-02-06T08:34:12.785Z] <<< [apiv2][status] GET https://serviceusage.googleapis.com/v1/projects/sungjun431-20240516-1/services/firebaseapphosting.googleapis.com 200
[debug] [2026-02-06T08:34:12.785Z] <<< [apiv2][body] GET https://serviceusage.googleapis.com/v1/projects/sungjun431-20240516-1/services/firebaseapphosting.googleapis.com [omitted]
[debug] [2026-02-06T08:34:12.792Z] <<< [apiv2][status] GET https://serviceusage.googleapis.com/v1/projects/sungjun431-20240516-1/services/firestore.googleapis.com 200
[debug] [2026-02-06T08:34:12.792Z] <<< [apiv2][body] GET https://serviceusage.googleapis.com/v1/projects/sungjun431-20240516-1/services/firestore.googleapis.com [omitted]
[debug] [2026-02-06T08:34:12.821Z] <<< [apiv2][status] GET https://serviceusage.googleapis.com/v1/projects/sungjun431-20240516-1/services/identitytoolkit.googleapis.com 200
[debug] [2026-02-06T08:34:12.821Z] <<< [apiv2][body] GET https://serviceusage.googleapis.com/v1/projects/sungjun431-20240516-1/services/identitytoolkit.googleapis.com [omitted]
[debug] [2026-02-06T08:34:12.834Z] <<< [apiv2][status] GET https://serviceusage.googleapis.com/v1/projects/sungjun431-20240516-1/services/cloudfunctions.googleapis.com 200
[debug] [2026-02-06T08:34:12.835Z] <<< [apiv2][body] GET https://serviceusage.googleapis.com/v1/projects/sungjun431-20240516-1/services/cloudfunctions.googleapis.com [omitted]
[error] Failed to fetch Firebase Project from Studio Workspace because WORKSPACE_SLUG environment variable is empty
[error] Failed to fetch Firebase Project from Studio Workspace because WORKSPACE_SLUG environment variable is empty
[error] Failed to fetch Firebase Project from Studio Workspace because WORKSPACE_SLUG environment variable is empty
[debug] [2026-02-06T08:34:12.842Z] > command requires scopes: ["email","openid","https://www.googleapis.com/auth/cloudplatformprojects.readonly","https://www.googleapis.com/auth/firebase","https://www.googleapis.com/auth/cloud-platform","https://www.googleapis.com/auth/userinfo.email"]
[debug] [2026-02-06T08:34:12.843Z] > authorizing via signed-in user (sungjun431@gmail.com)
[debug] [2026-02-06T08:34:12.843Z] No OAuth tokens found
[debug] [2026-02-06T08:34:12.843Z] No OAuth tokens found
[debug] [2026-02-06T08:34:12.845Z] > command requires scopes: ["email","openid","https://www.googleapis.com/auth/cloudplatformprojects.readonly","https://www.googleapis.com/auth/firebase","https://www.googleapis.com/auth/cloud-platform","https://www.googleapis.com/auth/userinfo.email"]
[debug] [2026-02-06T08:34:12.846Z] > authorizing via signed-in user (sungjun431@gmail.com)
[debug] [2026-02-06T08:34:12.846Z] >>> [apiv2][query] GET https://cloudbilling.googleapis.com/v1/projects/sungjun431-20240516-1/billingInfo [none]
[debug] [2026-02-06T08:34:12.877Z] <<< [apiv2][status] GET https://serviceusage.googleapis.com/v1/projects/sungjun431-20240516-1/services/firebaseio.com 403
[debug] [2026-02-06T08:34:12.879Z] <<< [apiv2][body] GET https://serviceusage.googleapis.com/v1/projects/sungjun431-20240516-1/services/firebaseio.com [omitted]
[debug] [2026-02-06T08:34:12.904Z] <<< [apiv2][status] GET https://serviceusage.googleapis.com/v1/projects/sungjun431-20240516-1/services/firebaseapphosting.googleapis.com 200
[debug] [2026-02-06T08:34:12.905Z] <<< [apiv2][body] GET https://serviceusage.googleapis.com/v1/projects/sungjun431-20240516-1/services/firebaseapphosting.googleapis.com [omitted]
[debug] [2026-02-06T08:34:12.911Z] <<< [apiv2][status] GET https://serviceusage.googleapis.com/v1/projects/sungjun431-20240516-1/services/fcm.googleapis.com 200
[debug] [2026-02-06T08:34:12.912Z] <<< [apiv2][body] GET https://serviceusage.googleapis.com/v1/projects/sungjun431-20240516-1/services/fcm.googleapis.com [omitted]
[debug] [2026-02-06T08:34:12.942Z] <<< [apiv2][status] GET https://serviceusage.googleapis.com/v1/projects/sungjun431-20240516-1/services/firebasedataconnect.googleapis.com 200
[debug] [2026-02-06T08:34:12.942Z] <<< [apiv2][body] GET https://serviceusage.googleapis.com/v1/projects/sungjun431-20240516-1/services/firebasedataconnect.googleapis.com [omitted]
[debug] [2026-02-06T08:34:12.943Z] <<< [apiv2][status] GET https://serviceusage.googleapis.com/v1/projects/sungjun431-20240516-1/services/firebaseremoteconfig.googleapis.com 200
[debug] [2026-02-06T08:34:12.943Z] <<< [apiv2][body] GET https://serviceusage.googleapis.com/v1/projects/sungjun431-20240516-1/services/firebaseremoteconfig.googleapis.com [omitted]
[debug] [2026-02-06T08:34:12.954Z] <<< [apiv2][status] GET https://serviceusage.googleapis.com/v1/projects/sungjun431-20240516-1/services/storage.googleapis.com 200
[debug] [2026-02-06T08:34:12.955Z] <<< [apiv2][body] GET https://serviceusage.googleapis.com/v1/projects/sungjun431-20240516-1/services/storage.googleapis.com [omitted]
[debug] [2026-02-06T08:34:12.983Z] <<< [apiv2][status] GET https://serviceusage.googleapis.com/v1/projects/sungjun431-20240516-1/services/firestore.googleapis.com 200
[debug] [2026-02-06T08:34:12.984Z] <<< [apiv2][body] GET https://serviceusage.googleapis.com/v1/projects/sungjun431-20240516-1/services/firestore.googleapis.com [omitted]
[debug] [2026-02-06T08:34:12.991Z] <<< [apiv2][status] GET https://serviceusage.googleapis.com/v1/projects/sungjun431-20240516-1/services/cloudfunctions.googleapis.com 200
[debug] [2026-02-06T08:34:12.991Z] <<< [apiv2][body] GET https://serviceusage.googleapis.com/v1/projects/sungjun431-20240516-1/services/cloudfunctions.googleapis.com [omitted]
[debug] [2026-02-06T08:34:12.996Z] <<< [apiv2][status] GET https://serviceusage.googleapis.com/v1/projects/sungjun431-20240516-1/services/identitytoolkit.googleapis.com 200
[debug] [2026-02-06T08:34:12.996Z] <<< [apiv2][body] GET https://serviceusage.googleapis.com/v1/projects/sungjun431-20240516-1/services/identitytoolkit.googleapis.com [omitted]
[debug] [2026-02-06T08:34:13.052Z] <<< [apiv2][status] GET https://cloudbilling.googleapis.com/v1/projects/sungjun431-20240516-1/billingInfo 200
[debug] [2026-02-06T08:34:13.052Z] <<< [apiv2][body] GET https://cloudbilling.googleapis.com/v1/projects/sungjun431-20240516-1/billingInfo {"name":"projects/sungjun431-20240516-1/billingInfo","projectId":"sungjun431-20240516-1","billingAccountName":"","billingEnabled":false}
[error] Failed to fetch Firebase Project from Studio Workspace because WORKSPACE_SLUG environment variable is empty
[debug] [2026-02-06T08:34:13.066Z] > command requires scopes: ["email","openid","https://www.googleapis.com/auth/cloudplatformprojects.readonly","https://www.googleapis.com/auth/firebase","https://www.googleapis.com/auth/cloud-platform","https://www.googleapis.com/auth/userinfo.email"]
[debug] [2026-02-06T08:34:13.067Z] > authorizing via signed-in user (sungjun431@gmail.com)
[error] Failed to fetch Firebase Project from Studio Workspace because WORKSPACE_SLUG environment variable is empty
[error] Failed to fetch Firebase Project from Studio Workspace because WORKSPACE_SLUG environment variable is empty
[error] Failed to fetch Firebase Project from Studio Workspace because WORKSPACE_SLUG environment variable is empty
[error] Failed to fetch Firebase Project from Studio Workspace because WORKSPACE_SLUG environment variable is empty
[error] Failed to fetch Firebase Project from Studio Workspace because WORKSPACE_SLUG environment variable is empty
[error] Failed to fetch Firebase Project from Studio Workspace because WORKSPACE_SLUG environment variable is empty
[debug] [2026-02-06T08:34:13.114Z] > command requires scopes: ["email","openid","https://www.googleapis.com/auth/cloudplatformprojects.readonly","https://www.googleapis.com/auth/firebase","https://www.googleapis.com/auth/cloud-platform","https://www.googleapis.com/auth/userinfo.email"]
[debug] [2026-02-06T08:34:13.119Z] > authorizing via signed-in user (sungjun431@gmail.com)
[debug] [2026-02-06T08:34:13.120Z] > command requires scopes: ["email","openid","https://www.googleapis.com/auth/cloudplatformprojects.readonly","https://www.googleapis.com/auth/firebase","https://www.googleapis.com/auth/cloud-platform","https://www.googleapis.com/auth/userinfo.email"]
[debug] [2026-02-06T08:34:13.120Z] > authorizing via signed-in user (sungjun431@gmail.com)
[debug] [2026-02-06T08:34:13.120Z] No OAuth tokens found
[debug] [2026-02-06T08:34:13.120Z] No OAuth tokens found
[debug] [2026-02-06T08:34:13.120Z] > command requires scopes: ["email","openid","https://www.googleapis.com/auth/cloudplatformprojects.readonly","https://www.googleapis.com/auth/firebase","https://www.googleapis.com/auth/cloud-platform","https://www.googleapis.com/auth/userinfo.email"]
[debug] [2026-02-06T08:34:13.120Z] > authorizing via signed-in user (sungjun431@gmail.com)
[debug] [2026-02-06T08:34:13.121Z] No OAuth tokens found
[debug] [2026-02-06T08:34:13.121Z] No OAuth tokens found
[debug] [2026-02-06T08:34:13.121Z] > command requires scopes: ["email","openid","https://www.googleapis.com/auth/cloudplatformprojects.readonly","https://www.googleapis.com/auth/firebase","https://www.googleapis.com/auth/cloud-platform","https://www.googleapis.com/auth/userinfo.email"]
[debug] [2026-02-06T08:34:13.121Z] > authorizing via signed-in user (sungjun431@gmail.com)
[debug] [2026-02-06T08:34:13.121Z] >>> [apiv2][query] GET https://cloudbilling.googleapis.com/v1/projects/sungjun431-20240516-1/billingInfo [none]
[debug] [2026-02-06T08:34:13.126Z] >>> [apiv2][query] GET https://cloudbilling.googleapis.com/v1/projects/sungjun431-20240516-1/billingInfo [none]
[debug] [2026-02-06T08:34:14.125Z] <<< [apiv2][status] GET https://cloudbilling.googleapis.com/v1/projects/sungjun431-20240516-1/billingInfo 200
[debug] [2026-02-06T08:34:14.125Z] <<< [apiv2][body] GET https://cloudbilling.googleapis.com/v1/projects/sungjun431-20240516-1/billingInfo {"name":"projects/sungjun431-20240516-1/billingInfo","projectId":"sungjun431-20240516-1","billingAccountName":"","billingEnabled":false}
[error] Failed to fetch Firebase Project from Studio Workspace because WORKSPACE_SLUG environment variable is empty
[debug] [2026-02-06T08:34:14.129Z] > command requires scopes: ["email","openid","https://www.googleapis.com/auth/cloudplatformprojects.readonly","https://www.googleapis.com/auth/firebase","https://www.googleapis.com/auth/cloud-platform","https://www.googleapis.com/auth/userinfo.email"]
[debug] [2026-02-06T08:34:14.130Z] > authorizing via signed-in user (sungjun431@gmail.com)
[debug] [2026-02-06T08:34:14.194Z] <<< [apiv2][status] GET https://cloudbilling.googleapis.com/v1/projects/sungjun431-20240516-1/billingInfo 200
[debug] [2026-02-06T08:34:14.194Z] <<< [apiv2][body] GET https://cloudbilling.googleapis.com/v1/projects/sungjun431-20240516-1/billingInfo {"name":"projects/sungjun431-20240516-1/billingInfo","projectId":"sungjun431-20240516-1","billingAccountName":"","billingEnabled":false}
[error] Failed to fetch Firebase Project from Studio Workspace because WORKSPACE_SLUG environment variable is empty
[debug] [2026-02-06T08:34:14.204Z] > command requires scopes: ["email","openid","https://www.googleapis.com/auth/cloudplatformprojects.readonly","https://www.googleapis.com/auth/firebase","https://www.googleapis.com/auth/cloud-platform","https://www.googleapis.com/auth/userinfo.email"]
[debug] [2026-02-06T08:34:14.204Z] > authorizing via signed-in user (sungjun431@gmail.com)
[error] Failed to fetch Firebase Project from Studio Workspace because WORKSPACE_SLUG environment variable is empty
[error] Failed to fetch Firebase Project from Studio Workspace because WORKSPACE_SLUG environment variable is empty
[debug] [2026-02-06T08:37:43.687Z] > command requires scopes: ["email","openid","https://www.googleapis.com/auth/cloudplatformprojects.readonly","https://www.googleapis.com/auth/firebase","https://www.googleapis.com/auth/cloud-platform","https://www.googleapis.com/auth/userinfo.email"]
[debug] [2026-02-06T08:37:43.687Z] > authorizing via signed-in user (sungjun431@gmail.com)
[debug] [2026-02-06T08:37:43.687Z] No OAuth tokens found
[debug] [2026-02-06T08:37:43.687Z] No OAuth tokens found
[debug] [2026-02-06T08:37:43.687Z] > command requires scopes: ["email","openid","https://www.googleapis.com/auth/cloudplatformprojects.readonly","https://www.googleapis.com/auth/firebase","https://www.googleapis.com/auth/cloud-platform","https://www.googleapis.com/auth/userinfo.email"]
[debug] [2026-02-06T08:37:43.688Z] > authorizing via signed-in user (sungjun431@gmail.com)
[debug] [2026-02-06T08:37:43.688Z] >>> [apiv2][query] GET https://cloudbilling.googleapis.com/v1/projects/sungjun431-20240516-1/billingInfo [none]
[error] Failed to fetch Firebase Project from Studio Workspace because WORKSPACE_SLUG environment variable is empty
[error] Failed to fetch Firebase Project from Studio Workspace because WORKSPACE_SLUG environment variable is empty
[debug] [2026-02-06T08:37:44.367Z] > command requires scopes: ["email","openid","https://www.googleapis.com/auth/cloudplatformprojects.readonly","https://www.googleapis.com/auth/firebase","https://www.googleapis.com/auth/cloud-platform","https://www.googleapis.com/auth/userinfo.email"]
[debug] [2026-02-06T08:37:44.367Z] > authorizing via signed-in user (sungjun431@gmail.com)
[debug] [2026-02-06T08:37:44.368Z] No OAuth tokens found
[debug] [2026-02-06T08:37:44.368Z] No OAuth tokens found
[debug] [2026-02-06T08:37:44.368Z] > command requires scopes: ["email","openid","https://www.googleapis.com/auth/cloudplatformprojects.readonly","https://www.googleapis.com/auth/firebase","https://www.googleapis.com/auth/cloud-platform","https://www.googleapis.com/auth/userinfo.email"]
[debug] [2026-02-06T08:37:44.368Z] > authorizing via signed-in user (sungjun431@gmail.com)
[debug] [2026-02-06T08:37:44.368Z] >>> [apiv2][query] GET https://cloudbilling.googleapis.com/v1/projects/sungjun431-20240516-1/billingInfo [none]
[debug] [2026-02-06T08:37:44.753Z] <<< [apiv2][status] GET https://cloudbilling.googleapis.com/v1/projects/sungjun431-20240516-1/billingInfo 200
[debug] [2026-02-06T08:37:44.753Z] <<< [apiv2][body] GET https://cloudbilling.googleapis.com/v1/projects/sungjun431-20240516-1/billingInfo {"name":"projects/sungjun431-20240516-1/billingInfo","projectId":"sungjun431-20240516-1","billingAccountName":"","billingEnabled":false}
[error] Failed to fetch Firebase Project from Studio Workspace because WORKSPACE_SLUG environment variable is empty
[error] Failed to fetch Firebase Project from Studio Workspace because WORKSPACE_SLUG environment variable is empty
[debug] [2026-02-06T08:37:44.758Z] > command requires scopes: ["email","openid","https://www.googleapis.com/auth/cloudplatformprojects.readonly","https://www.googleapis.com/auth/firebase","https://www.googleapis.com/auth/cloud-platform","https://www.googleapis.com/auth/userinfo.email"]
[debug] [2026-02-06T08:37:44.758Z] > authorizing via signed-in user (sungjun431@gmail.com)
[debug] [2026-02-06T08:37:44.758Z] No OAuth tokens found
[debug] [2026-02-06T08:37:44.758Z] No OAuth tokens found
[debug] [2026-02-06T08:37:44.758Z] > command requires scopes: ["email","openid","https://www.googleapis.com/auth/cloudplatformprojects.readonly","https://www.googleapis.com/auth/firebase","https://www.googleapis.com/auth/cloud-platform","https://www.googleapis.com/auth/userinfo.email"]
[debug] [2026-02-06T08:37:44.759Z] > authorizing via signed-in user (sungjun431@gmail.com)
[debug] [2026-02-06T08:37:44.759Z] >>> [apiv2][query] GET https://cloudbilling.googleapis.com/v1/projects/sungjun431-20240516-1/billingInfo [none]
[debug] [2026-02-06T08:37:44.979Z] <<< [apiv2][status] GET https://cloudbilling.googleapis.com/v1/projects/sungjun431-20240516-1/billingInfo 200
[debug] [2026-02-06T08:37:44.980Z] <<< [apiv2][body] GET https://cloudbilling.googleapis.com/v1/projects/sungjun431-20240516-1/billingInfo {"name":"projects/sungjun431-20240516-1/billingInfo","projectId":"sungjun431-20240516-1","billingAccountName":"","billingEnabled":false}
[debug] [2026-02-06T08:37:44.986Z] >>> [apiv2][query] POST https://auth.firebase.tools/attest [none]
[debug] [2026-02-06T08:37:44.986Z] >>> [apiv2][body] POST https://auth.firebase.tools/attest {"session_id":"942f6fb8-9ba6-4281-9029-b219ea4e38d0"}
[debug] [2026-02-06T08:37:45.335Z] <<< [apiv2][status] POST https://auth.firebase.tools/attest 200
[debug] [2026-02-06T08:37:45.335Z] <<< [apiv2][body] POST https://auth.firebase.tools/attest {"token":"kdis4j7pb-T677x83sbO43OmXXEv9BG2e9_9-ItcSJE"}
[debug] [2026-02-06T08:37:45.391Z] <<< [apiv2][status] GET https://cloudbilling.googleapis.com/v1/projects/sungjun431-20240516-1/billingInfo 200
[debug] [2026-02-06T08:37:45.391Z] <<< [apiv2][body] GET https://cloudbilling.googleapis.com/v1/projects/sungjun431-20240516-1/billingInfo {"name":"projects/sungjun431-20240516-1/billingInfo","projectId":"sungjun431-20240516-1","billingAccountName":"","billingEnabled":false}
[error] Failed to fetch Firebase Project from Studio Workspace because WORKSPACE_SLUG environment variable is empty
[error] Failed to fetch Firebase Project from Studio Workspace because WORKSPACE_SLUG environment variable is empty
[debug] [2026-02-06T08:37:45.393Z] > command requires scopes: ["email","openid","https://www.googleapis.com/auth/cloudplatformprojects.readonly","https://www.googleapis.com/auth/firebase","https://www.googleapis.com/auth/cloud-platform","https://www.googleapis.com/auth/userinfo.email"]
[debug] [2026-02-06T08:37:45.394Z] > authorizing via signed-in user (sungjun431@gmail.com)
[debug] [2026-02-06T08:37:45.394Z] No OAuth tokens found
[debug] [2026-02-06T08:37:45.394Z] No OAuth tokens found
[debug] [2026-02-06T08:37:45.394Z] > command requires scopes: ["email","openid","https://www.googleapis.com/auth/cloudplatformprojects.readonly","https://www.googleapis.com/auth/firebase","https://www.googleapis.com/auth/cloud-platform","https://www.googleapis.com/auth/userinfo.email"]
[debug] [2026-02-06T08:37:45.394Z] > authorizing via signed-in user (sungjun431@gmail.com)
[debug] [2026-02-06T08:37:45.394Z] >>> [apiv2][query] GET https://cloudbilling.googleapis.com/v1/projects/sungjun431-20240516-1/billingInfo [none]
[debug] [2026-02-06T08:37:45.600Z] <<< [apiv2][status] GET https://cloudbilling.googleapis.com/v1/projects/sungjun431-20240516-1/billingInfo 200
[debug] [2026-02-06T08:37:45.600Z] <<< [apiv2][body] GET https://cloudbilling.googleapis.com/v1/projects/sungjun431-20240516-1/billingInfo {"name":"projects/sungjun431-20240516-1/billingInfo","projectId":"sungjun431-20240516-1","billingAccountName":"","billingEnabled":false}
[debug] [2026-02-06T08:37:45.604Z] >>> [apiv2][query] POST https://auth.firebase.tools/attest [none]
[debug] [2026-02-06T08:37:45.604Z] >>> [apiv2][body] POST https://auth.firebase.tools/attest {"session_id":"ace38b16-4c15-4273-ae43-e94210d0c513"}
[debug] [2026-02-06T08:37:45.922Z] <<< [apiv2][status] POST https://auth.firebase.tools/attest 200
[debug] [2026-02-06T08:37:45.922Z] <<< [apiv2][body] POST https://auth.firebase.tools/attest {"token":"U0I-IkGM2PtURsI0T4wunpbNnAaCMs-q4ajNhlSQRKM"}
[error] Failed to fetch Firebase Project from Studio Workspace because WORKSPACE_SLUG environment variable is empty
[error] Failed to fetch Firebase Project from Studio Workspace because WORKSPACE_SLUG environment variable is empty
[error] Failed to fetch Firebase Project from Studio Workspace because WORKSPACE_SLUG environment variable is empty
[error] Failed to fetch Firebase Project from Studio Workspace because WORKSPACE_SLUG environment variable is empty
[debug] [2026-02-06T16:26:32.311Z] > command requires scopes: ["email","openid","https://www.googleapis.com/auth/cloudplatformprojects.readonly","https://www.googleapis.com/auth/firebase","https://www.googleapis.com/auth/cloud-platform","https://www.googleapis.com/auth/userinfo.email"]
[debug] [2026-02-06T16:26:32.314Z] > command requires scopes: ["email","openid","https://www.googleapis.com/auth/cloudplatformprojects.readonly","https://www.googleapis.com/auth/firebase","https://www.googleapis.com/auth/cloud-platform","https://www.googleapis.com/auth/userinfo.email"]
[debug] [2026-02-06T16:26:43.002Z] Running auto auth
[debug] [2026-02-06T16:26:43.006Z] Running auto auth
[debug] [2026-02-06T16:26:43.053Z] No OAuth tokens found
[debug] [2026-02-06T16:26:43.056Z] >>> [apiv2][query] GET https://cloudbilling.googleapis.com/v1/projects/sungjun431-20240516-1/billingInfo [none]
[debug] [2026-02-06T16:26:43.133Z] No OAuth tokens found
[debug] [2026-02-06T16:26:43.133Z] >>> [apiv2][query] GET https://cloudbilling.googleapis.com/v1/projects/sungjun431-20240516-1/billingInfo [none]
[debug] [2026-02-06T16:26:43.533Z] <<< [apiv2][status] GET https://cloudbilling.googleapis.com/v1/projects/sungjun431-20240516-1/billingInfo 200
[debug] [2026-02-06T16:26:43.535Z] <<< [apiv2][body] GET https://cloudbilling.googleapis.com/v1/projects/sungjun431-20240516-1/billingInfo {"name":"projects/sungjun431-20240516-1/billingInfo","projectId":"sungjun431-20240516-1","billingAccountName":"","billingEnabled":false}
[debug] [2026-02-06T16:26:43.549Z] No OAuth tokens found
[debug] [2026-02-06T16:26:43.550Z] No OAuth tokens found
[debug] [2026-02-06T16:26:43.551Z] No OAuth tokens found
[debug] [2026-02-06T16:26:43.576Z] No OAuth tokens found
[debug] [2026-02-06T16:26:43.577Z] No OAuth tokens found
[debug] [2026-02-06T16:26:43.577Z] >>> [apiv2][query] GET https://serviceusage.googleapis.com/v1/projects/sungjun431-20240516-1/services/firestore.googleapis.com [none]
[debug] [2026-02-06T16:26:43.577Z] >>> [apiv2][(partial)header] GET https://serviceusage.googleapis.com/v1/projects/sungjun431-20240516-1/services/firestore.googleapis.com  x-goog-user-project=sungjun431-20240516-1
[debug] [2026-02-06T16:26:43.580Z] >>> [apiv2][query] GET https://serviceusage.googleapis.com/v1/projects/sungjun431-20240516-1/services/firebasedataconnect.googleapis.com [none]
[debug] [2026-02-06T16:26:43.580Z] >>> [apiv2][(partial)header] GET https://serviceusage.googleapis.com/v1/projects/sungjun431-20240516-1/services/firebasedataconnect.googleapis.com  x-goog-user-project=sungjun431-20240516-1
[debug] [2026-02-06T16:26:43.583Z] >>> [apiv2][query] GET https://serviceusage.googleapis.com/v1/projects/sungjun431-20240516-1/services/cloudfunctions.googleapis.com [none]
[debug] [2026-02-06T16:26:43.583Z] >>> [apiv2][(partial)header] GET https://serviceusage.googleapis.com/v1/projects/sungjun431-20240516-1/services/cloudfunctions.googleapis.com  x-goog-user-project=sungjun431-20240516-1
[debug] [2026-02-06T16:26:43.586Z] >>> [apiv2][query] GET https://serviceusage.googleapis.com/v1/projects/sungjun431-20240516-1/services/firebaseapphosting.googleapis.com [none]
[debug] [2026-02-06T16:26:43.587Z] >>> [apiv2][(partial)header] GET https://serviceusage.googleapis.com/v1/projects/sungjun431-20240516-1/services/firebaseapphosting.googleapis.com  x-goog-user-project=sungjun431-20240516-1
[debug] [2026-02-06T16:26:43.589Z] >>> [apiv2][query] GET https://serviceusage.googleapis.com/v1/projects/sungjun431-20240516-1/services/firebaseio.com [none]
[debug] [2026-02-06T16:26:43.589Z] >>> [apiv2][(partial)header] GET https://serviceusage.googleapis.com/v1/projects/sungjun431-20240516-1/services/firebaseio.com  x-goog-user-project=sungjun431-20240516-1
[debug] [2026-02-06T16:26:43.633Z] <<< [apiv2][status] GET https://cloudbilling.googleapis.com/v1/projects/sungjun431-20240516-1/billingInfo 200
[debug] [2026-02-06T16:26:43.634Z] <<< [apiv2][body] GET https://cloudbilling.googleapis.com/v1/projects/sungjun431-20240516-1/billingInfo {"name":"projects/sungjun431-20240516-1/billingInfo","projectId":"sungjun431-20240516-1","billingAccountName":"","billingEnabled":false}
[debug] [2026-02-06T16:26:43.635Z] No OAuth tokens found
[debug] [2026-02-06T16:26:43.636Z] No OAuth tokens found
[debug] [2026-02-06T16:26:43.636Z] No OAuth tokens found
[debug] [2026-02-06T16:26:43.648Z] No OAuth tokens found
[debug] [2026-02-06T16:26:43.649Z] No OAuth tokens found
[debug] [2026-02-06T16:26:43.649Z] >>> [apiv2][query] GET https://serviceusage.googleapis.com/v1/projects/sungjun431-20240516-1/services/firestore.googleapis.com [none]
[debug] [2026-02-06T16:26:43.649Z] >>> [apiv2][(partial)header] GET https://serviceusage.googleapis.com/v1/projects/sungjun431-20240516-1/services/firestore.googleapis.com  x-goog-user-project=sungjun431-20240516-1
[debug] [2026-02-06T16:26:43.652Z] >>> [apiv2][query] GET https://serviceusage.googleapis.com/v1/projects/sungjun431-20240516-1/services/firebasedataconnect.googleapis.com [none]
[debug] [2026-02-06T16:26:43.652Z] >>> [apiv2][(partial)header] GET https://serviceusage.googleapis.com/v1/projects/sungjun431-20240516-1/services/firebasedataconnect.googleapis.com  x-goog-user-project=sungjun431-20240516-1
[debug] [2026-02-06T16:26:43.655Z] >>> [apiv2][query] GET https://serviceusage.googleapis.com/v1/projects/sungjun431-20240516-1/services/cloudfunctions.googleapis.com [none]
[debug] [2026-02-06T16:26:43.656Z] >>> [apiv2][(partial)header] GET https://serviceusage.googleapis.com/v1/projects/sungjun431-20240516-1/services/cloudfunctions.googleapis.com  x-goog-user-project=sungjun431-20240516-1
[debug] [2026-02-06T16:26:43.658Z] >>> [apiv2][query] GET https://serviceusage.googleapis.com/v1/projects/sungjun431-20240516-1/services/firebaseapphosting.googleapis.com [none]
[debug] [2026-02-06T16:26:43.659Z] >>> [apiv2][(partial)header] GET https://serviceusage.googleapis.com/v1/projects/sungjun431-20240516-1/services/firebaseapphosting.googleapis.com  x-goog-user-project=sungjun431-20240516-1
[debug] [2026-02-06T16:26:43.661Z] >>> [apiv2][query] GET https://serviceusage.googleapis.com/v1/projects/sungjun431-20240516-1/services/firebaseio.com [none]
[debug] [2026-02-06T16:26:43.661Z] >>> [apiv2][(partial)header] GET https://serviceusage.googleapis.com/v1/projects/sungjun431-20240516-1/services/firebaseio.com  x-goog-user-project=sungjun431-20240516-1
[debug] [2026-02-06T16:26:44.578Z] <<< [apiv2][status] GET https://serviceusage.googleapis.com/v1/projects/sungjun431-20240516-1/services/firebaseio.com 403
[debug] [2026-02-06T16:26:44.579Z] <<< [apiv2][body] GET https://serviceusage.googleapis.com/v1/projects/sungjun431-20240516-1/services/firebaseio.com [omitted]
[debug] [2026-02-06T16:26:44.624Z] <<< [apiv2][status] GET https://serviceusage.googleapis.com/v1/projects/sungjun431-20240516-1/services/firebasedataconnect.googleapis.com 200
[debug] [2026-02-06T16:26:44.625Z] <<< [apiv2][body] GET https://serviceusage.googleapis.com/v1/projects/sungjun431-20240516-1/services/firebasedataconnect.googleapis.com [omitted]
[debug] [2026-02-06T16:26:44.631Z] <<< [apiv2][status] GET https://serviceusage.googleapis.com/v1/projects/sungjun431-20240516-1/services/cloudfunctions.googleapis.com 200
[debug] [2026-02-06T16:26:44.632Z] <<< [apiv2][body] GET https://serviceusage.googleapis.com/v1/projects/sungjun431-20240516-1/services/cloudfunctions.googleapis.com [omitted]
[debug] [2026-02-06T16:26:44.644Z] <<< [apiv2][status] GET https://serviceusage.googleapis.com/v1/projects/sungjun431-20240516-1/services/firebaseapphosting.googleapis.com 200
[debug] [2026-02-06T16:26:44.644Z] <<< [apiv2][body] GET https://serviceusage.googleapis.com/v1/projects/sungjun431-20240516-1/services/firebaseapphosting.googleapis.com [omitted]
[debug] [2026-02-06T16:26:44.659Z] <<< [apiv2][status] GET https://serviceusage.googleapis.com/v1/projects/sungjun431-20240516-1/services/firebasedataconnect.googleapis.com 200
[debug] [2026-02-06T16:26:44.659Z] <<< [apiv2][body] GET https://serviceusage.googleapis.com/v1/projects/sungjun431-20240516-1/services/firebasedataconnect.googleapis.com [omitted]
[debug] [2026-02-06T16:26:44.665Z] <<< [apiv2][status] GET https://serviceusage.googleapis.com/v1/projects/sungjun431-20240516-1/services/firestore.googleapis.com 200
[debug] [2026-02-06T16:26:44.665Z] <<< [apiv2][body] GET https://serviceusage.googleapis.com/v1/projects/sungjun431-20240516-1/services/firestore.googleapis.com [omitted]
[debug] [2026-02-06T16:26:44.690Z] <<< [apiv2][status] GET https://serviceusage.googleapis.com/v1/projects/sungjun431-20240516-1/services/firebaseapphosting.googleapis.com 200
[debug] [2026-02-06T16:26:44.690Z] <<< [apiv2][body] GET https://serviceusage.googleapis.com/v1/projects/sungjun431-20240516-1/services/firebaseapphosting.googleapis.com [omitted]
[debug] [2026-02-06T16:26:44.704Z] <<< [apiv2][status] GET https://serviceusage.googleapis.com/v1/projects/sungjun431-20240516-1/services/firebaseio.com 403
[debug] [2026-02-06T16:26:44.705Z] <<< [apiv2][body] GET https://serviceusage.googleapis.com/v1/projects/sungjun431-20240516-1/services/firebaseio.com [omitted]
[debug] [2026-02-06T16:26:44.709Z] <<< [apiv2][status] GET https://serviceusage.googleapis.com/v1/projects/sungjun431-20240516-1/services/cloudfunctions.googleapis.com 200
[debug] [2026-02-06T16:26:44.709Z] <<< [apiv2][body] GET https://serviceusage.googleapis.com/v1/projects/sungjun431-20240516-1/services/cloudfunctions.googleapis.com [omitted]
[debug] [2026-02-06T16:26:44.731Z] <<< [apiv2][status] GET https://serviceusage.googleapis.com/v1/projects/sungjun431-20240516-1/services/firestore.googleapis.com 200
[debug] [2026-02-06T16:26:44.731Z] <<< [apiv2][body] GET https://serviceusage.googleapis.com/v1/projects/sungjun431-20240516-1/services/firestore.googleapis.com [omitted]
[error] Failed to fetch Firebase Project from Studio Workspace because WORKSPACE_SLUG environment variable is empty
[error] Failed to fetch Firebase Project from Studio Workspace because WORKSPACE_SLUG environment variable is empty
[error] Failed to fetch Firebase Project from Studio Workspace because WORKSPACE_SLUG environment variable is empty
[debug] [2026-02-06T16:26:44.743Z] > command requires scopes: ["email","openid","https://www.googleapis.com/auth/cloudplatformprojects.readonly","https://www.googleapis.com/auth/firebase","https://www.googleapis.com/auth/cloud-platform","https://www.googleapis.com/auth/userinfo.email"]
[debug] [2026-02-06T16:26:44.743Z] > authorizing via signed-in user (sungjun431@gmail.com)
[debug] [2026-02-06T16:26:44.743Z] No OAuth tokens found
[debug] [2026-02-06T16:26:44.744Z] >>> [apiv2][query] GET https://cloudbilling.googleapis.com/v1/projects/sungjun431-20240516-1/billingInfo [none]
[debug] [2026-02-06T16:26:45.764Z] <<< [apiv2][status] GET https://cloudbilling.googleapis.com/v1/projects/sungjun431-20240516-1/billingInfo 200
[debug] [2026-02-06T16:26:45.764Z] <<< [apiv2][body] GET https://cloudbilling.googleapis.com/v1/projects/sungjun431-20240516-1/billingInfo {"name":"projects/sungjun431-20240516-1/billingInfo","projectId":"sungjun431-20240516-1","billingAccountName":"","billingEnabled":false}
[error] Failed to fetch Firebase Project from Studio Workspace because WORKSPACE_SLUG environment variable is empty
[debug] [2026-02-06T16:26:45.768Z] > command requires scopes: ["email","openid","https://www.googleapis.com/auth/cloudplatformprojects.readonly","https://www.googleapis.com/auth/firebase","https://www.googleapis.com/auth/cloud-platform","https://www.googleapis.com/auth/userinfo.email"]
[debug] [2026-02-06T16:26:45.771Z] > authorizing via signed-in user (sungjun431@gmail.com)
[error] Failed to fetch Firebase Project from Studio Workspace because WORKSPACE_SLUG environment variable is empty
[error] Failed to fetch Firebase Project from Studio Workspace because WORKSPACE_SLUG environment variable is empty
[error] Failed to fetch Firebase Project from Studio Workspace because WORKSPACE_SLUG environment variable is empty
[debug] [2026-02-06T16:26:45.800Z] > command requires scopes: ["email","openid","https://www.googleapis.com/auth/cloudplatformprojects.readonly","https://www.googleapis.com/auth/firebase","https://www.googleapis.com/auth/cloud-platform","https://www.googleapis.com/auth/userinfo.email"]
[debug] [2026-02-06T16:26:45.801Z] > authorizing via signed-in user (sungjun431@gmail.com)
[debug] [2026-02-06T16:26:45.801Z] No OAuth tokens found
[debug] [2026-02-06T16:26:45.801Z] >>> [apiv2][query] GET https://cloudbilling.googleapis.com/v1/projects/sungjun431-20240516-1/billingInfo [none]
[error] Failed to fetch Firebase Project from Studio Workspace because WORKSPACE_SLUG environment variable is empty
[error] Failed to fetch Firebase Project from Studio Workspace because WORKSPACE_SLUG environment variable is empty
[error] Failed to fetch Firebase Project from Studio Workspace because WORKSPACE_SLUG environment variable is empty
[debug] [2026-02-06T16:26:45.808Z] > command requires scopes: ["email","openid","https://www.googleapis.com/auth/cloudplatformprojects.readonly","https://www.googleapis.com/auth/firebase","https://www.googleapis.com/auth/cloud-platform","https://www.googleapis.com/auth/userinfo.email"]
[debug] [2026-02-06T16:26:45.808Z] > authorizing via signed-in user (sungjun431@gmail.com)
[debug] [2026-02-06T16:26:45.809Z] No OAuth tokens found
[debug] [2026-02-06T16:26:45.809Z] >>> [apiv2][query] GET https://cloudbilling.googleapis.com/v1/projects/sungjun431-20240516-1/billingInfo [none]
[debug] [2026-02-06T16:26:46.021Z] <<< [apiv2][status] GET https://cloudbilling.googleapis.com/v1/projects/sungjun431-20240516-1/billingInfo 200
[debug] [2026-02-06T16:26:46.021Z] <<< [apiv2][body] GET https://cloudbilling.googleapis.com/v1/projects/sungjun431-20240516-1/billingInfo {"name":"projects/sungjun431-20240516-1/billingInfo","projectId":"sungjun431-20240516-1","billingAccountName":"","billingEnabled":false}
[error] Failed to fetch Firebase Project from Studio Workspace because WORKSPACE_SLUG environment variable is empty
[debug] [2026-02-06T16:26:46.023Z] > command requires scopes: ["email","openid","https://www.googleapis.com/auth/cloudplatformprojects.readonly","https://www.googleapis.com/auth/firebase","https://www.googleapis.com/auth/cloud-platform","https://www.googleapis.com/auth/userinfo.email"]
[debug] [2026-02-06T16:26:46.024Z] > authorizing via signed-in user (sungjun431@gmail.com)
[debug] [2026-02-06T16:26:46.035Z] <<< [apiv2][status] GET https://cloudbilling.googleapis.com/v1/projects/sungjun431-20240516-1/billingInfo 200
[debug] [2026-02-06T16:26:46.036Z] <<< [apiv2][body] GET https://cloudbilling.googleapis.com/v1/projects/sungjun431-20240516-1/billingInfo {"name":"projects/sungjun431-20240516-1/billingInfo","projectId":"sungjun431-20240516-1","billingAccountName":"","billingEnabled":false}
[error] Failed to fetch Firebase Project from Studio Workspace because WORKSPACE_SLUG environment variable is empty
[debug] [2026-02-06T16:26:46.038Z] > command requires scopes: ["email","openid","https://www.googleapis.com/auth/cloudplatformprojects.readonly","https://www.googleapis.com/auth/firebase","https://www.googleapis.com/auth/cloud-platform","https://www.googleapis.com/auth/userinfo.email"]
[debug] [2026-02-06T16:26:46.039Z] > authorizing via signed-in user (sungjun431@gmail.com)
[error] Failed to fetch Firebase Project from Studio Workspace because WORKSPACE_SLUG environment variable is empty
[error] Failed to fetch Firebase Project from Studio Workspace because WORKSPACE_SLUG environment variable is empty
[error] Failed to fetch Firebase Project from Studio Workspace because WORKSPACE_SLUG environment variable is empty
[error] Failed to fetch Firebase Project from Studio Workspace because WORKSPACE_SLUG environment variable is empty
[debug] [2026-02-06T16:53:35.216Z] > command requires scopes: ["email","openid","https://www.googleapis.com/auth/cloudplatformprojects.readonly","https://www.googleapis.com/auth/firebase","https://www.googleapis.com/auth/cloud-platform","https://www.googleapis.com/auth/userinfo.email"]
[debug] [2026-02-06T16:53:35.217Z] > authorizing via signed-in user (sungjun431@gmail.com)
[debug] [2026-02-06T16:53:35.219Z] No OAuth tokens found
[debug] [2026-02-06T16:53:35.220Z] No OAuth tokens found
[debug] [2026-02-06T16:53:35.221Z] > command requires scopes: ["email","openid","https://www.googleapis.com/auth/cloudplatformprojects.readonly","https://www.googleapis.com/auth/firebase","https://www.googleapis.com/auth/cloud-platform","https://www.googleapis.com/auth/userinfo.email"]
[debug] [2026-02-06T16:53:35.221Z] > authorizing via signed-in user (sungjun431@gmail.com)
[debug] [2026-02-06T16:53:35.222Z] > command requires scopes: ["email","openid","https://www.googleapis.com/auth/cloudplatformprojects.readonly","https://www.googleapis.com/auth/firebase","https://www.googleapis.com/auth/cloud-platform","https://www.googleapis.com/auth/userinfo.email"]
[debug] [2026-02-06T16:53:35.222Z] > authorizing via signed-in user (sungjun431@gmail.com)
[debug] [2026-02-06T16:53:35.223Z] No OAuth tokens found
[debug] [2026-02-06T16:53:35.223Z] No OAuth tokens found
[debug] [2026-02-06T16:53:35.224Z] > command requires scopes: ["email","openid","https://www.googleapis.com/auth/cloudplatformprojects.readonly","https://www.googleapis.com/auth/firebase","https://www.googleapis.com/auth/cloud-platform","https://www.googleapis.com/auth/userinfo.email"]
[debug] [2026-02-06T16:53:35.224Z] > authorizing via signed-in user (sungjun431@gmail.com)
[debug] [2026-02-06T16:53:35.225Z] >>> [apiv2][query] GET https://cloudbilling.googleapis.com/v1/projects/sungjun431-20240516-1/billingInfo [none]
[debug] [2026-02-06T16:53:35.274Z] >>> [apiv2][query] GET https://cloudbilling.googleapis.com/v1/projects/sungjun431-20240516-1/billingInfo [none]
[debug] [2026-02-06T16:53:35.526Z] <<< [apiv2][status] GET https://cloudbilling.googleapis.com/v1/projects/sungjun431-20240516-1/billingInfo 200
[debug] [2026-02-06T16:53:35.526Z] <<< [apiv2][body] GET https://cloudbilling.googleapis.com/v1/projects/sungjun431-20240516-1/billingInfo {"name":"projects/sungjun431-20240516-1/billingInfo","projectId":"sungjun431-20240516-1","billingAccountName":"","billingEnabled":false}
[debug] [2026-02-06T16:53:35.544Z] No OAuth tokens found
[debug] [2026-02-06T16:53:35.547Z] No OAuth tokens found
[debug] [2026-02-06T16:53:35.548Z] > command requires scopes: ["email","openid","https://www.googleapis.com/auth/cloudplatformprojects.readonly","https://www.googleapis.com/auth/firebase","https://www.googleapis.com/auth/cloud-platform","https://www.googleapis.com/auth/userinfo.email"]
[debug] [2026-02-06T16:53:35.548Z] > authorizing via signed-in user (sungjun431@gmail.com)
[debug] [2026-02-06T16:53:35.549Z] No OAuth tokens found
[debug] [2026-02-06T16:53:35.549Z] No OAuth tokens found
[debug] [2026-02-06T16:53:35.549Z] > command requires scopes: ["email","openid","https://www.googleapis.com/auth/cloudplatformprojects.readonly","https://www.googleapis.com/auth/firebase","https://www.googleapis.com/auth/cloud-platform","https://www.googleapis.com/auth/userinfo.email"]
[debug] [2026-02-06T16:53:35.550Z] > authorizing via signed-in user (sungjun431@gmail.com)
[debug] [2026-02-06T16:53:35.550Z] No OAuth tokens found
[debug] [2026-02-06T16:53:35.550Z] No OAuth tokens found
[debug] [2026-02-06T16:53:35.550Z] > command requires scopes: ["email","openid","https://www.googleapis.com/auth/cloudplatformprojects.readonly","https://www.googleapis.com/auth/firebase","https://www.googleapis.com/auth/cloud-platform","https://www.googleapis.com/auth/userinfo.email"]
[debug] [2026-02-06T16:53:35.551Z] > authorizing via signed-in user (sungjun431@gmail.com)
[debug] [2026-02-06T16:53:35.577Z] No OAuth tokens found
[debug] [2026-02-06T16:53:35.577Z] No OAuth tokens found
[debug] [2026-02-06T16:53:35.577Z] > command requires scopes: ["email","openid","https://www.googleapis.com/auth/cloudplatformprojects.readonly","https://www.googleapis.com/auth/firebase","https://www.googleapis.com/auth/cloud-platform","https://www.googleapis.com/auth/userinfo.email"]
[debug] [2026-02-06T16:53:35.578Z] > authorizing via signed-in user (sungjun431@gmail.com)
[debug] [2026-02-06T16:53:35.578Z] No OAuth tokens found
[debug] [2026-02-06T16:53:35.578Z] No OAuth tokens found
[debug] [2026-02-06T16:53:35.579Z] > command requires scopes: ["email","openid","https://www.googleapis.com/auth/cloudplatformprojects.readonly","https://www.googleapis.com/auth/firebase","https://www.googleapis.com/auth/cloud-platform","https://www.googleapis.com/auth/userinfo.email"]
[debug] [2026-02-06T16:53:35.579Z] > authorizing via signed-in user (sungjun431@gmail.com)
[debug] [2026-02-06T16:53:35.579Z] >>> [apiv2][query] GET https://serviceusage.googleapis.com/v1/projects/sungjun431-20240516-1/services/firestore.googleapis.com [none]
[debug] [2026-02-06T16:53:35.580Z] >>> [apiv2][(partial)header] GET https://serviceusage.googleapis.com/v1/projects/sungjun431-20240516-1/services/firestore.googleapis.com  x-goog-user-project=sungjun431-20240516-1
[debug] [2026-02-06T16:53:35.583Z] >>> [apiv2][query] GET https://serviceusage.googleapis.com/v1/projects/sungjun431-20240516-1/services/firebasedataconnect.googleapis.com [none]
[debug] [2026-02-06T16:53:35.584Z] >>> [apiv2][(partial)header] GET https://serviceusage.googleapis.com/v1/projects/sungjun431-20240516-1/services/firebasedataconnect.googleapis.com  x-goog-user-project=sungjun431-20240516-1
[debug] [2026-02-06T16:53:35.586Z] >>> [apiv2][query] GET https://serviceusage.googleapis.com/v1/projects/sungjun431-20240516-1/services/cloudfunctions.googleapis.com [none]
[debug] [2026-02-06T16:53:35.586Z] >>> [apiv2][(partial)header] GET https://serviceusage.googleapis.com/v1/projects/sungjun431-20240516-1/services/cloudfunctions.googleapis.com  x-goog-user-project=sungjun431-20240516-1
[debug] [2026-02-06T16:53:35.589Z] >>> [apiv2][query] GET https://serviceusage.googleapis.com/v1/projects/sungjun431-20240516-1/services/firebaseapphosting.googleapis.com [none]
[debug] [2026-02-06T16:53:35.589Z] >>> [apiv2][(partial)header] GET https://serviceusage.googleapis.com/v1/projects/sungjun431-20240516-1/services/firebaseapphosting.googleapis.com  x-goog-user-project=sungjun431-20240516-1
[debug] [2026-02-06T16:53:35.591Z] >>> [apiv2][query] GET https://serviceusage.googleapis.com/v1/projects/sungjun431-20240516-1/services/firebaseio.com [none]
[debug] [2026-02-06T16:53:35.591Z] >>> [apiv2][(partial)header] GET https://serviceusage.googleapis.com/v1/projects/sungjun431-20240516-1/services/firebaseio.com  x-goog-user-project=sungjun431-20240516-1
[debug] [2026-02-06T16:53:35.651Z] <<< [apiv2][status] GET https://cloudbilling.googleapis.com/v1/projects/sungjun431-20240516-1/billingInfo 200
[debug] [2026-02-06T16:53:35.651Z] <<< [apiv2][body] GET https://cloudbilling.googleapis.com/v1/projects/sungjun431-20240516-1/billingInfo {"name":"projects/sungjun431-20240516-1/billingInfo","projectId":"sungjun431-20240516-1","billingAccountName":"","billingEnabled":false}
[debug] [2026-02-06T16:53:35.655Z] No OAuth tokens found
[debug] [2026-02-06T16:53:35.655Z] No OAuth tokens found
[debug] [2026-02-06T16:53:35.655Z] > command requires scopes: ["email","openid","https://www.googleapis.com/auth/cloudplatformprojects.readonly","https://www.googleapis.com/auth/firebase","https://www.googleapis.com/auth/cloud-platform","https://www.googleapis.com/auth/userinfo.email"]
[debug] [2026-02-06T16:53:35.655Z] > authorizing via signed-in user (sungjun431@gmail.com)
[debug] [2026-02-06T16:53:35.656Z] No OAuth tokens found
[debug] [2026-02-06T16:53:35.656Z] No OAuth tokens found
[debug] [2026-02-06T16:53:35.656Z] > command requires scopes: ["email","openid","https://www.googleapis.com/auth/cloudplatformprojects.readonly","https://www.googleapis.com/auth/firebase","https://www.googleapis.com/auth/cloud-platform","https://www.googleapis.com/auth/userinfo.email"]
[debug] [2026-02-06T16:53:35.656Z] > authorizing via signed-in user (sungjun431@gmail.com)
[debug] [2026-02-06T16:53:35.659Z] No OAuth tokens found
[debug] [2026-02-06T16:53:35.662Z] No OAuth tokens found
[debug] [2026-02-06T16:53:35.662Z] > command requires scopes: ["email","openid","https://www.googleapis.com/auth/cloudplatformprojects.readonly","https://www.googleapis.com/auth/firebase","https://www.googleapis.com/auth/cloud-platform","https://www.googleapis.com/auth/userinfo.email"]
[debug] [2026-02-06T16:53:35.662Z] > authorizing via signed-in user (sungjun431@gmail.com)
[debug] [2026-02-06T16:53:35.676Z] No OAuth tokens found
[debug] [2026-02-06T16:53:35.676Z] No OAuth tokens found
[debug] [2026-02-06T16:53:35.676Z] > command requires scopes: ["email","openid","https://www.googleapis.com/auth/cloudplatformprojects.readonly","https://www.googleapis.com/auth/firebase","https://www.googleapis.com/auth/cloud-platform","https://www.googleapis.com/auth/userinfo.email"]
[debug] [2026-02-06T16:53:35.676Z] > authorizing via signed-in user (sungjun431@gmail.com)
[debug] [2026-02-06T16:53:35.677Z] No OAuth tokens found
[debug] [2026-02-06T16:53:35.677Z] No OAuth tokens found
[debug] [2026-02-06T16:53:35.677Z] > command requires scopes: ["email","openid","https://www.googleapis.com/auth/cloudplatformprojects.readonly","https://www.googleapis.com/auth/firebase","https://www.googleapis.com/auth/cloud-platform","https://www.googleapis.com/auth/userinfo.email"]
[debug] [2026-02-06T16:53:35.677Z] > authorizing via signed-in user (sungjun431@gmail.com)
[debug] [2026-02-06T16:53:35.678Z] >>> [apiv2][query] GET https://serviceusage.googleapis.com/v1/projects/sungjun431-20240516-1/services/firestore.googleapis.com [none]
[debug] [2026-02-06T16:53:35.678Z] >>> [apiv2][(partial)header] GET https://serviceusage.googleapis.com/v1/projects/sungjun431-20240516-1/services/firestore.googleapis.com  x-goog-user-project=sungjun431-20240516-1
[debug] [2026-02-06T16:53:35.681Z] >>> [apiv2][query] GET https://serviceusage.googleapis.com/v1/projects/sungjun431-20240516-1/services/firebasedataconnect.googleapis.com [none]
[debug] [2026-02-06T16:53:35.681Z] >>> [apiv2][(partial)header] GET https://serviceusage.googleapis.com/v1/projects/sungjun431-20240516-1/services/firebasedataconnect.googleapis.com  x-goog-user-project=sungjun431-20240516-1
[debug] [2026-02-06T16:53:35.684Z] >>> [apiv2][query] GET https://serviceusage.googleapis.com/v1/projects/sungjun431-20240516-1/services/cloudfunctions.googleapis.com [none]
[debug] [2026-02-06T16:53:35.684Z] >>> [apiv2][(partial)header] GET https://serviceusage.googleapis.com/v1/projects/sungjun431-20240516-1/services/cloudfunctions.googleapis.com  x-goog-user-project=sungjun431-20240516-1
[debug] [2026-02-06T16:53:35.687Z] >>> [apiv2][query] GET https://serviceusage.googleapis.com/v1/projects/sungjun431-20240516-1/services/firebaseapphosting.googleapis.com [none]
[debug] [2026-02-06T16:53:35.687Z] >>> [apiv2][(partial)header] GET https://serviceusage.googleapis.com/v1/projects/sungjun431-20240516-1/services/firebaseapphosting.googleapis.com  x-goog-user-project=sungjun431-20240516-1
[debug] [2026-02-06T16:53:35.689Z] >>> [apiv2][query] GET https://serviceusage.googleapis.com/v1/projects/sungjun431-20240516-1/services/firebaseio.com [none]
[debug] [2026-02-06T16:53:35.689Z] >>> [apiv2][(partial)header] GET https://serviceusage.googleapis.com/v1/projects/sungjun431-20240516-1/services/firebaseio.com  x-goog-user-project=sungjun431-20240516-1
[debug] [2026-02-06T16:53:36.584Z] <<< [apiv2][status] GET https://serviceusage.googleapis.com/v1/projects/sungjun431-20240516-1/services/firebaseio.com 403
[debug] [2026-02-06T16:53:36.585Z] <<< [apiv2][body] GET https://serviceusage.googleapis.com/v1/projects/sungjun431-20240516-1/services/firebaseio.com [omitted]
[debug] [2026-02-06T16:53:36.610Z] <<< [apiv2][status] GET https://serviceusage.googleapis.com/v1/projects/sungjun431-20240516-1/services/firebasedataconnect.googleapis.com 200
[debug] [2026-02-06T16:53:36.610Z] <<< [apiv2][body] GET https://serviceusage.googleapis.com/v1/projects/sungjun431-20240516-1/services/firebasedataconnect.googleapis.com [omitted]
[debug] [2026-02-06T16:53:36.625Z] <<< [apiv2][status] GET https://serviceusage.googleapis.com/v1/projects/sungjun431-20240516-1/services/firebaseapphosting.googleapis.com 200
[debug] [2026-02-06T16:53:36.626Z] <<< [apiv2][body] GET https://serviceusage.googleapis.com/v1/projects/sungjun431-20240516-1/services/firebaseapphosting.googleapis.com [omitted]
[debug] [2026-02-06T16:53:36.640Z] <<< [apiv2][status] GET https://serviceusage.googleapis.com/v1/projects/sungjun431-20240516-1/services/firestore.googleapis.com 200
[debug] [2026-02-06T16:53:36.640Z] <<< [apiv2][body] GET https://serviceusage.googleapis.com/v1/projects/sungjun431-20240516-1/services/firestore.googleapis.com [omitted]
[debug] [2026-02-06T16:53:36.658Z] <<< [apiv2][status] GET https://serviceusage.googleapis.com/v1/projects/sungjun431-20240516-1/services/cloudfunctions.googleapis.com 200
[debug] [2026-02-06T16:53:36.661Z] <<< [apiv2][body] GET https://serviceusage.googleapis.com/v1/projects/sungjun431-20240516-1/services/cloudfunctions.googleapis.com [omitted]
[debug] [2026-02-06T16:53:36.682Z] <<< [apiv2][status] GET https://serviceusage.googleapis.com/v1/projects/sungjun431-20240516-1/services/firebaseio.com 403
[debug] [2026-02-06T16:53:36.683Z] <<< [apiv2][body] GET https://serviceusage.googleapis.com/v1/projects/sungjun431-20240516-1/services/firebaseio.com [omitted]
[debug] [2026-02-06T16:53:36.723Z] <<< [apiv2][status] GET https://serviceusage.googleapis.com/v1/projects/sungjun431-20240516-1/services/firebaseapphosting.googleapis.com 200
[debug] [2026-02-06T16:53:36.723Z] <<< [apiv2][body] GET https://serviceusage.googleapis.com/v1/projects/sungjun431-20240516-1/services/firebaseapphosting.googleapis.com [omitted]
[debug] [2026-02-06T16:53:36.726Z] <<< [apiv2][status] GET https://serviceusage.googleapis.com/v1/projects/sungjun431-20240516-1/services/cloudfunctions.googleapis.com 200
[debug] [2026-02-06T16:53:36.726Z] <<< [apiv2][body] GET https://serviceusage.googleapis.com/v1/projects/sungjun431-20240516-1/services/cloudfunctions.googleapis.com [omitted]
[debug] [2026-02-06T16:53:36.729Z] <<< [apiv2][status] GET https://serviceusage.googleapis.com/v1/projects/sungjun431-20240516-1/services/firebasedataconnect.googleapis.com 200
[debug] [2026-02-06T16:53:36.729Z] <<< [apiv2][body] GET https://serviceusage.googleapis.com/v1/projects/sungjun431-20240516-1/services/firebasedataconnect.googleapis.com [omitted]
[debug] [2026-02-06T16:53:36.746Z] <<< [apiv2][status] GET https://serviceusage.googleapis.com/v1/projects/sungjun431-20240516-1/services/firestore.googleapis.com 200
[debug] [2026-02-06T16:53:36.746Z] <<< [apiv2][body] GET https://serviceusage.googleapis.com/v1/projects/sungjun431-20240516-1/services/firestore.googleapis.com [omitted]
[error] Failed to fetch Firebase Project from Studio Workspace because WORKSPACE_SLUG environment variable is empty
[error] Failed to fetch Firebase Project from Studio Workspace because WORKSPACE_SLUG environment variable is empty
[error] Failed to fetch Firebase Project from Studio Workspace because WORKSPACE_SLUG environment variable is empty
[debug] [2026-02-06T16:53:36.752Z] > command requires scopes: ["email","openid","https://www.googleapis.com/auth/cloudplatformprojects.readonly","https://www.googleapis.com/auth/firebase","https://www.googleapis.com/auth/cloud-platform","https://www.googleapis.com/auth/userinfo.email"]
[debug] [2026-02-06T16:53:36.752Z] > authorizing via signed-in user (sungjun431@gmail.com)
[debug] [2026-02-06T16:53:36.752Z] No OAuth tokens found
[debug] [2026-02-06T16:53:36.755Z] No OAuth tokens found
[debug] [2026-02-06T16:53:36.755Z] > command requires scopes: ["email","openid","https://www.googleapis.com/auth/cloudplatformprojects.readonly","https://www.googleapis.com/auth/firebase","https://www.googleapis.com/auth/cloud-platform","https://www.googleapis.com/auth/userinfo.email"]
[debug] [2026-02-06T16:53:36.755Z] > authorizing via signed-in user (sungjun431@gmail.com)
[debug] [2026-02-06T16:53:36.755Z] >>> [apiv2][query] GET https://cloudbilling.googleapis.com/v1/projects/sungjun431-20240516-1/billingInfo [none]
[debug] [2026-02-06T16:53:36.996Z] <<< [apiv2][status] GET https://cloudbilling.googleapis.com/v1/projects/sungjun431-20240516-1/billingInfo 200
[debug] [2026-02-06T16:53:36.996Z] <<< [apiv2][body] GET https://cloudbilling.googleapis.com/v1/projects/sungjun431-20240516-1/billingInfo {"name":"projects/sungjun431-20240516-1/billingInfo","projectId":"sungjun431-20240516-1","billingAccountName":"","billingEnabled":false}
[error] Failed to fetch Firebase Project from Studio Workspace because WORKSPACE_SLUG environment variable is empty
[debug] [2026-02-06T16:53:37.001Z] > command requires scopes: ["email","openid","https://www.googleapis.com/auth/cloudplatformprojects.readonly","https://www.googleapis.com/auth/firebase","https://www.googleapis.com/auth/cloud-platform","https://www.googleapis.com/auth/userinfo.email"]
[debug] [2026-02-06T16:53:37.002Z] > authorizing via signed-in user (sungjun431@gmail.com)
[error] Failed to fetch Firebase Project from Studio Workspace because WORKSPACE_SLUG environment variable is empty
[error] Failed to fetch Firebase Project from Studio Workspace because WORKSPACE_SLUG environment variable is empty
[error] Failed to fetch Firebase Project from Studio Workspace because WORKSPACE_SLUG environment variable is empty
[debug] [2026-02-06T16:53:37.023Z] > command requires scopes: ["email","openid","https://www.googleapis.com/auth/cloudplatformprojects.readonly","https://www.googleapis.com/auth/firebase","https://www.googleapis.com/auth/cloud-platform","https://www.googleapis.com/auth/userinfo.email"]
[debug] [2026-02-06T16:53:37.024Z] > authorizing via signed-in user (sungjun431@gmail.com)
[debug] [2026-02-06T16:53:37.024Z] No OAuth tokens found
[debug] [2026-02-06T16:53:37.026Z] No OAuth tokens found
[debug] [2026-02-06T16:53:37.026Z] > command requires scopes: ["email","openid","https://www.googleapis.com/auth/cloudplatformprojects.readonly","https://www.googleapis.com/auth/firebase","https://www.googleapis.com/auth/cloud-platform","https://www.googleapis.com/auth/userinfo.email"]
[debug] [2026-02-06T16:53:37.026Z] > authorizing via signed-in user (sungjun431@gmail.com)
[debug] [2026-02-06T16:53:37.026Z] >>> [apiv2][query] GET https://cloudbilling.googleapis.com/v1/projects/sungjun431-20240516-1/billingInfo [none]
[error] Failed to fetch Firebase Project from Studio Workspace because WORKSPACE_SLUG environment variable is empty
[error] Failed to fetch Firebase Project from Studio Workspace because WORKSPACE_SLUG environment variable is empty
[error] Failed to fetch Firebase Project from Studio Workspace because WORKSPACE_SLUG environment variable is empty
[debug] [2026-02-06T16:53:37.035Z] > command requires scopes: ["email","openid","https://www.googleapis.com/auth/cloudplatformprojects.readonly","https://www.googleapis.com/auth/firebase","https://www.googleapis.com/auth/cloud-platform","https://www.googleapis.com/auth/userinfo.email"]
[debug] [2026-02-06T16:53:37.036Z] > authorizing via signed-in user (sungjun431@gmail.com)
[debug] [2026-02-06T16:53:37.036Z] No OAuth tokens found
[debug] [2026-02-06T16:53:37.036Z] No OAuth tokens found
[debug] [2026-02-06T16:53:37.036Z] > command requires scopes: ["email","openid","https://www.googleapis.com/auth/cloudplatformprojects.readonly","https://www.googleapis.com/auth/firebase","https://www.googleapis.com/auth/cloud-platform","https://www.googleapis.com/auth/userinfo.email"]
[debug] [2026-02-06T16:53:37.036Z] > authorizing via signed-in user (sungjun431@gmail.com)
[debug] [2026-02-06T16:53:37.037Z] >>> [apiv2][query] GET https://cloudbilling.googleapis.com/v1/projects/sungjun431-20240516-1/billingInfo [none]
[debug] [2026-02-06T16:53:37.242Z] <<< [apiv2][status] GET https://cloudbilling.googleapis.com/v1/projects/sungjun431-20240516-1/billingInfo 200
[debug] [2026-02-06T16:53:37.242Z] <<< [apiv2][body] GET https://cloudbilling.googleapis.com/v1/projects/sungjun431-20240516-1/billingInfo {"name":"projects/sungjun431-20240516-1/billingInfo","projectId":"sungjun431-20240516-1","billingAccountName":"","billingEnabled":false}
[error] Failed to fetch Firebase Project from Studio Workspace because WORKSPACE_SLUG environment variable is empty
[debug] [2026-02-06T16:53:37.244Z] > command requires scopes: ["email","openid","https://www.googleapis.com/auth/cloudplatformprojects.readonly","https://www.googleapis.com/auth/firebase","https://www.googleapis.com/auth/cloud-platform","https://www.googleapis.com/auth/userinfo.email"]
[debug] [2026-02-06T16:53:37.245Z] > authorizing via signed-in user (sungjun431@gmail.com)
[debug] [2026-02-06T16:53:37.254Z] <<< [apiv2][status] GET https://cloudbilling.googleapis.com/v1/projects/sungjun431-20240516-1/billingInfo 200
[debug] [2026-02-06T16:53:37.254Z] <<< [apiv2][body] GET https://cloudbilling.googleapis.com/v1/projects/sungjun431-20240516-1/billingInfo {"name":"projects/sungjun431-20240516-1/billingInfo","projectId":"sungjun431-20240516-1","billingAccountName":"","billingEnabled":false}
[error] Failed to fetch Firebase Project from Studio Workspace because WORKSPACE_SLUG environment variable is empty
[debug] [2026-02-06T16:53:37.259Z] > command requires scopes: ["email","openid","https://www.googleapis.com/auth/cloudplatformprojects.readonly","https://www.googleapis.com/auth/firebase","https://www.googleapis.com/auth/cloud-platform","https://www.googleapis.com/auth/userinfo.email"]
[debug] [2026-02-06T16:53:37.259Z] > authorizing via signed-in user (sungjun431@gmail.com)
[error] Failed to fetch Firebase Project from Studio Workspace because WORKSPACE_SLUG environment variable is empty
[error] Failed to fetch Firebase Project from Studio Workspace because WORKSPACE_SLUG environment variable is empty
[error] Failed to fetch Firebase Project from Studio Workspace because WORKSPACE_SLUG environment variable is empty
[error] Failed to fetch Firebase Project from Studio Workspace because WORKSPACE_SLUG environment variable is empty
[debug] [2026-02-07T09:39:00.890Z] > command requires scopes: ["email","openid","https://www.googleapis.com/auth/cloudplatformprojects.readonly","https://www.googleapis.com/auth/firebase","https://www.googleapis.com/auth/cloud-platform","https://www.googleapis.com/auth/userinfo.email"]
[debug] [2026-02-07T09:39:00.891Z] > command requires scopes: ["email","openid","https://www.googleapis.com/auth/cloudplatformprojects.readonly","https://www.googleapis.com/auth/firebase","https://www.googleapis.com/auth/cloud-platform","https://www.googleapis.com/auth/userinfo.email"]
[debug] [2026-02-07T09:39:50.996Z] No OAuth tokens found
[debug] [2026-02-07T09:39:50.997Z] No OAuth tokens found
[debug] [2026-02-07T09:39:50.997Z] > command requires scopes: ["email","openid","https://www.googleapis.com/auth/cloudplatformprojects.readonly","https://www.googleapis.com/auth/firebase","https://www.googleapis.com/auth/cloud-platform","https://www.googleapis.com/auth/userinfo.email"]
[debug] [2026-02-07T09:39:50.998Z] No OAuth tokens found
[debug] [2026-02-07T09:39:50.998Z] No OAuth tokens found
[debug] [2026-02-07T09:39:50.998Z] > command requires scopes: ["email","openid","https://www.googleapis.com/auth/cloudplatformprojects.readonly","https://www.googleapis.com/auth/firebase","https://www.googleapis.com/auth/cloud-platform","https://www.googleapis.com/auth/userinfo.email"]
[error] Failed to fetch Firebase Project from Studio Workspace because WORKSPACE_SLUG environment variable is empty
[error] Failed to fetch Firebase Project from Studio Workspace because WORKSPACE_SLUG environment variable is empty
[error] Failed to fetch Firebase Project from Studio Workspace because WORKSPACE_SLUG environment variable is empty
[error] Failed to fetch Firebase Project from Studio Workspace because WORKSPACE_SLUG environment variable is empty
[debug] [2026-02-08T05:49:58.558Z] > command requires scopes: ["email","openid","https://www.googleapis.com/auth/cloudplatformprojects.readonly","https://www.googleapis.com/auth/firebase","https://www.googleapis.com/auth/cloud-platform","https://www.googleapis.com/auth/userinfo.email"]
[debug] [2026-02-08T05:49:58.562Z] > command requires scopes: ["email","openid","https://www.googleapis.com/auth/cloudplatformprojects.readonly","https://www.googleapis.com/auth/firebase","https://www.googleapis.com/auth/cloud-platform","https://www.googleapis.com/auth/userinfo.email"]
[debug] [2026-02-08T05:50:30.018Z] No OAuth tokens found
[debug] [2026-02-08T05:50:30.020Z] No OAuth tokens found
[debug] [2026-02-08T05:50:30.020Z] > command requires scopes: ["email","openid","https://www.googleapis.com/auth/cloudplatformprojects.readonly","https://www.googleapis.com/auth/firebase","https://www.googleapis.com/auth/cloud-platform","https://www.googleapis.com/auth/userinfo.email"]
[debug] [2026-02-08T05:50:30.021Z] No OAuth tokens found
[debug] [2026-02-08T05:50:30.022Z] No OAuth tokens found
[debug] [2026-02-08T05:50:30.023Z] > command requires scopes: ["email","openid","https://www.googleapis.com/auth/cloudplatformprojects.readonly","https://www.googleapis.com/auth/firebase","https://www.googleapis.com/auth/cloud-platform","https://www.googleapis.com/auth/userinfo.email"]
[error] Failed to fetch Firebase Project from Studio Workspace because WORKSPACE_SLUG environment variable is empty
[error] Failed to fetch Firebase Project from Studio Workspace because WORKSPACE_SLUG environment variable is empty
[error] Failed to fetch Firebase Project from Studio Workspace because WORKSPACE_SLUG environment variable is empty
[error] Failed to fetch Firebase Project from Studio Workspace because WORKSPACE_SLUG environment variable is empty
[debug] [2026-02-15T12:45:04.007Z] > command requires scopes: ["email","openid","https://www.googleapis.com/auth/cloudplatformprojects.readonly","https://www.googleapis.com/auth/firebase","https://www.googleapis.com/auth/cloud-platform","https://www.googleapis.com/auth/userinfo.email"]
[debug] [2026-02-15T12:45:04.012Z] > command requires scopes: ["email","openid","https://www.googleapis.com/auth/cloudplatformprojects.readonly","https://www.googleapis.com/auth/firebase","https://www.googleapis.com/auth/cloud-platform","https://www.googleapis.com/auth/userinfo.email"]
[debug] [2026-02-15T12:45:52.060Z] No OAuth tokens found
[debug] [2026-02-15T12:45:52.061Z] No OAuth tokens found
[debug] [2026-02-15T12:45:52.061Z] > command requires scopes: ["email","openid","https://www.googleapis.com/auth/cloudplatformprojects.readonly","https://www.googleapis.com/auth/firebase","https://www.googleapis.com/auth/cloud-platform","https://www.googleapis.com/auth/userinfo.email"]
[debug] [2026-02-15T12:45:52.062Z] No OAuth tokens found
[debug] [2026-02-15T12:45:52.063Z] No OAuth tokens found
[debug] [2026-02-15T12:45:52.063Z] > command requires scopes: ["email","openid","https://www.googleapis.com/auth/cloudplatformprojects.readonly","https://www.googleapis.com/auth/firebase","https://www.googleapis.com/auth/cloud-platform","https://www.googleapis.com/auth/userinfo.email"]
